1626245039170	geckodriver	INFO	Listening on 127.0.0.1:50116
1626245042243	mozrunner::runner	INFO	Running command: "C:\\Program Files\\Mozilla Firefox\\firefox.exe" "--marionette" "-foreground" "-no-remote" "-profile" "C:\\Users\\srikar\\AppData\\Local\\Temp\\rust_mozprofileMgxXOI"
1626245043289	Marionette	INFO	Marionette enabled
console.warn: SearchSettings: "get: No settings file exists, new profile?" (new NotFoundError("Could not open the file at C:\\Users\\srikar\\AppData\\Local\\Temp\\rust_mozprofileMgxXOI\\search.json.mozlz4", (void 0)))
1626245047481	Marionette	INFO	Listening on port 50124
1626245047663	Marionette	WARN	TLS certificate errors will be ignored for this session
1626245051361	Marionette	INFO	Stopped listening on port 50124
[Parent 13852, IPC I/O Parent] WARNING: file /builds/worker/checkouts/gecko/ipc/chromium/src/base/process_util_win.cc:167
JavaScript error: resource://devtools/client/jsonview/Sniffer.jsm, line 56: NS_ERROR_NOT_AVAILABLE: Component returned failure code: 0x80040111 (NS_ERROR_NOT_AVAILABLE) [nsIChannel.contentType]
JavaScript error: /accounts/static/_/js/k=gaia.gaiafe_glif.en_GB.6ezYQw4blDU.O/am=B0Bxh4lKGCABAEAOAAAAACAAAHA0ACgHczzDJw/d=1/excm=glif_initial_css/rs=ABkqax0uGgwtsd7R80wT4f2NBxov9ObOrw/m=glifb,identifier_view,unknownerror_view, line 660: NS_ERROR_NOT_INITIALIZED: 

###!!! [Child][MessageChannel] Error: (msgtype=0x390141,name=PContent::Msg_ScriptError) Channel closing: too late to send/recv, messages will be lost


###!!! [Child][MessageChannel] Error: (msgtype=0x5A0004,name=PHttpChannel::Msg_Cancel) Channel closing: too late to send/recv, messages will be lost


###!!! [Child][MessageChannel] Error: (msgtype=0x5A0009,name=PHttpChannel::Msg_DeletingChannel) Channel closing: too late to send/recv, messages will be lost


###!!! [Child][MessageChannel] Error: (msgtype=0x390141,name=PContent::Msg_ScriptError) Channel closing: too late to send/recv, messages will be lost


###!!! [Child][RunMessage] Error: Channel closing: too late to send/recv, messages will be lost


###!!! [Child][RunMessage] Error: Channel closing: too late to send/recv, messages will be lost

1626245116760	geckodriver	INFO	Listening on 127.0.0.1:50215
1626245119854	mozrunner::runner	INFO	Running command: "C:\\Program Files\\Mozilla Firefox\\firefox.exe" "--marionette" "-foreground" "-no-remote" "-profile" "C:\\Users\\srikar\\AppData\\Local\\Temp\\rust_mozprofile67PjeO"
1626245120413	Marionette	INFO	Marionette enabled
console.warn: SearchSettings: "get: No settings file exists, new profile?" (new NotFoundError("Could not open the file at C:\\Users\\srikar\\AppData\\Local\\Temp\\rust_mozprofile67PjeO\\search.json.mozlz4", (void 0)))
1626245123632	Marionette	INFO	Listening on port 50223
1626245124104	Marionette	WARN	TLS certificate errors will be ignored for this session
1626245127059	Marionette	INFO	Stopped listening on port 50223
JavaScript error: resource://gre/modules/AsyncShutdown.jsm, line 718: Error: Phase "Sqlite.jsm: wait until all connections are closed" is finished, it is too late to register completion condition "protections.sqlite#0: waiting for shutdown"

###!!! [Child][RunMessage] Error: Channel closing: too late to send/recv, messages will be lost

1626687089190	geckodriver	INFO	Listening on 127.0.0.1:49292
1626687092262	mozrunner::runner	INFO	Running command: "C:\\Program Files\\Mozilla Firefox\\firefox.exe" "--marionette" "-foreground" "-no-remote" "-profile" "C:\\Users\\srikar\\AppData\\Local\\Temp\\rust_mozprofilemXmGGs"
1626687092806	Marionette	INFO	Marionette enabled
console.warn: SearchSettings: "get: No settings file exists, new profile?" (new NotFoundError("Could not open the file at C:\\Users\\srikar\\AppData\\Local\\Temp\\rust_mozprofilemXmGGs\\search.json.mozlz4", (void 0)))
1626687096684	Marionette	INFO	Listening on port 64359
1626687097121	Marionette	WARN	TLS certificate errors will be ignored for this session
1626687121351	Marionette	INFO	Stopped listening on port 64359

###!!! [Child][RunMessage] Error: Channel closing: too late to send/recv, messages will be lost

